android/app/build/intermediates/manifest_merge_blame_file/release/manifest-merger-blame-release-report.txt
1<?xml version="1.0" encoding="utf-8"?>
2<manifest xmlns:android="http://schemas.android.com/apk/res/android"
3    package="com.ngout0001"
4    android:versionCode="1"
5    android:versionName="1.0" >
6
7    <uses-sdk
8        android:minSdkVersion="16"
8-->src\main\AndroidManifest.xml
9        android:targetSdkVersion="29" />
9-->src\main\AndroidManifest.xml
10
11    <uses-permission android:name="android.permission.INTERNET" />
11-->src\main\AndroidManifest.xml:4:5-67
11-->src\main\AndroidManifest.xml:4:22-64
12    <uses-permission android:name="android.permission.ACCESS_COARSE_LOCATION" /> <!-- Include required permissions for Google Maps API to run. -->
12-->[:react-native-maps] AndroidManifest.xml:10:5-81
12-->[:react-native-maps] AndroidManifest.xml:10:22-78
13    <uses-permission android:name="android.permission.ACCESS_NETWORK_STATE" />
13-->[com.google.android.gms:play-services-maps:17.0.0] AndroidManifest.xml:23:5-79
13-->[com.google.android.gms:play-services-maps:17.0.0] AndroidManifest.xml:23:22-76
14
15    <uses-feature
15-->[com.google.android.gms:play-services-maps:17.0.0] AndroidManifest.xml:26:5-28:35
16        android:glEsVersion="0x00020000"
16-->[com.google.android.gms:play-services-maps:17.0.0] AndroidManifest.xml:27:9-41
17        android:required="true" />
17-->[com.google.android.gms:play-services-maps:17.0.0] AndroidManifest.xml:28:9-32
18
19    <application
19-->src\main\AndroidManifest.xml:6:5-43:19
20        android:name="com.ngout0001.MainApplication"
20-->src\main\AndroidManifest.xml:7:7-38
21        android:allowBackup="false"
21-->src\main\AndroidManifest.xml:11:7-34
22        android:appComponentFactory="androidx.core.app.CoreComponentFactory"
22-->[androidx.core:core:1.2.0] AndroidManifest.xml:24:18-86
23        android:icon="@mipmap/ic_launcher"
23-->src\main\AndroidManifest.xml:9:7-41
24        android:label="@string/app_name"
24-->src\main\AndroidManifest.xml:8:7-39
25        android:roundIcon="@mipmap/ic_launcher_round"
25-->src\main\AndroidManifest.xml:10:7-52
26        android:theme="@style/AppTheme" >
26-->src\main\AndroidManifest.xml:12:7-38
27        <meta-data
27-->src\main\AndroidManifest.xml:13:7-15:66
28            android:name="com.google.android.geo.API_KEY"
28-->src\main\AndroidManifest.xml:14:9-54
29            android:value="AIzaSyBP52Y88ndRAsn1PTsbs2sL0FKZ7nS2JqE" />
29-->src\main\AndroidManifest.xml:15:9-64
30
31        <!-- You will also only need to add this uses-library tag -->
32        <uses-library
32-->src\main\AndroidManifest.xml:18:7-85
33            android:name="org.apache.http.legacy"
33-->src\main\AndroidManifest.xml:18:21-58
34            android:required="false" />
34-->src\main\AndroidManifest.xml:18:59-83
35
36        <activity
36-->src\main\AndroidManifest.xml:19:7-30:18
37            android:name="com.ngout0001.MainActivity"
37-->src\main\AndroidManifest.xml:21:9-37
38            android:configChanges="keyboard|keyboardHidden|orientation|screenSize|uiMode"
38-->src\main\AndroidManifest.xml:23:9-86
39            android:label="@string/app_name"
39-->src\main\AndroidManifest.xml:22:9-41
40            android:launchMode="singleTask"
40-->src\main\AndroidManifest.xml:24:9-40
41            android:theme="@style/SplashTheme"
41-->src\main\AndroidManifest.xml:20:9-43
42            android:windowSoftInputMode="adjustResize" >
42-->src\main\AndroidManifest.xml:25:9-51
43            <intent-filter>
43-->src\main\AndroidManifest.xml:26:9-29:25
44                <action android:name="android.intent.action.MAIN" />
44-->src\main\AndroidManifest.xml:27:13-65
44-->src\main\AndroidManifest.xml:27:21-62
45
46                <category android:name="android.intent.category.LAUNCHER" />
46-->src\main\AndroidManifest.xml:28:13-73
46-->src\main\AndroidManifest.xml:28:23-70
47            </intent-filter>
48        </activity>
49        <activity
49-->src\main\AndroidManifest.xml:31:9-41:20
50            android:name="com.ngout0001.SplashScreen"
50-->src\main\AndroidManifest.xml:32:13-41
51            android:configChanges="keyboard|keyboardHidden|orientation|screenSize|uiMode"
51-->src\main\AndroidManifest.xml:34:13-90
52            android:label="@string/app_name"
52-->src\main\AndroidManifest.xml:33:13-45
53            android:launchMode="singleTask"
53-->src\main\AndroidManifest.xml:35:13-44
54            android:windowSoftInputMode="adjustResize" >
54-->src\main\AndroidManifest.xml:36:13-55
55            <intent-filter>
55-->src\main\AndroidManifest.xml:37:13-40:29
56                <action android:name="android.intent.action.MAIN" />
56-->src\main\AndroidManifest.xml:27:13-65
56-->src\main\AndroidManifest.xml:27:21-62
57
58                <category android:name="android.intent.category.DEFAULT" />
58-->src\main\AndroidManifest.xml:39:17-76
58-->src\main\AndroidManifest.xml:39:27-73
59            </intent-filter>
60        </activity>
61        <activity android:name="com.facebook.react.devsupport.DevSettingsActivity" />
61-->src\main\AndroidManifest.xml:42:7-84
61-->src\main\AndroidManifest.xml:42:17-81
62        <activity
62-->[com.google.android.gms:play-services-base:17.2.1] AndroidManifest.xml:23:9-26:75
63            android:name="com.google.android.gms.common.api.GoogleApiActivity"
63-->[com.google.android.gms:play-services-base:17.2.1] AndroidManifest.xml:24:13-79
64            android:exported="false"
64-->[com.google.android.gms:play-services-base:17.2.1] AndroidManifest.xml:25:13-37
65            android:theme="@android:style/Theme.Translucent.NoTitleBar" />
65-->[com.google.android.gms:play-services-base:17.2.1] AndroidManifest.xml:26:13-72
66
67        <meta-data
67-->[com.google.android.gms:play-services-basement:17.2.1] AndroidManifest.xml:23:9-25:69
68            android:name="com.google.android.gms.version"
68-->[com.google.android.gms:play-services-basement:17.2.1] AndroidManifest.xml:24:13-58
69            android:value="@integer/google_play_services_version" />
69-->[com.google.android.gms:play-services-basement:17.2.1] AndroidManifest.xml:25:13-66
70    </application>
71
72</manifest>